<?xml version="1.0" encoding="UTF-8"?>
<!-- Generated by org.testng.reporters.JUnitReportReporter -->
<testsuite skipped="0" hostname="DESKTOP-FKI3VB5" name="tests.TimeSheetTest" tests="1" failures="0" timestamp="2023-02-03T14:33:14 IST" time="18.205" errors="0">
  <testcase name="TimesheetTest1" time="18.205" classname="tests.TimeSheetTest"/>
</testsuite> <!-- tests.TimeSheetTest -->
