<?xml version="1.0" encoding="UTF-8"?>
<!-- Generated by org.testng.reporters.JUnitReportReporter -->
<testsuite skipped="0" hostname="DESKTOP-FKI3VB5" name="tests.TestClass2" tests="6" failures="0" timestamp="2023-02-09T17:56:29 IST" time="30.054" errors="0">
  <testcase name="test3" time="5.009" classname="tests.TestClass2"/>
  <system-out/>
  <testcase name="test2" time="5.006" classname="tests.TestClass2"/>
  <system-out/>
  <testcase name="test1" time="5.013" classname="tests.TestClass2"/>
  <system-out/>
  <testcase name="test2" time="5.004" classname="tests.TestClass2"/>
  <system-out/>
  <testcase name="test1" time="5.013" classname="tests.TestClass2"/>
  <system-out/>
  <testcase name="test3" time="5.009" classname="tests.TestClass2"/>
  <system-out/>
</testsuite> <!-- tests.TestClass2 -->
