<?xml version="1.0" encoding="UTF-8"?>
<!-- Generated by org.testng.reporters.JUnitReportReporter -->
<testsuite skipped="0" hostname="DESKTOP-FKI3VB5" name="tests.TestClass1" tests="6" failures="0" timestamp="2023-02-09T17:56:29 IST" time="30.091" errors="0">
  <testcase name="test2" time="5.013" classname="tests.TestClass1"/>
  <system-out/>
  <testcase name="test3" time="5.013" classname="tests.TestClass1"/>
  <system-out/>
  <testcase name="test1" time="5.021" classname="tests.TestClass1"/>
  <system-out/>
  <testcase name="test2" time="5.012" classname="tests.TestClass1"/>
  <system-out/>
  <testcase name="test1" time="5.021" classname="tests.TestClass1"/>
  <system-out/>
  <testcase name="test3" time="5.011" classname="tests.TestClass1"/>
  <system-out/>
</testsuite> <!-- tests.TestClass1 -->
