<?xml version="1.0" encoding="UTF-8"?>
<!-- Generated by org.testng.reporters.JUnitReportReporter -->
<testsuite skipped="0" hostname="DESKTOP-FKI3VB5" name="tests.ResetPasstest" tests="1" failures="0" timestamp="2023-02-02T20:58:55 IST" time="9.673" errors="0">
  <testcase name="navigateToResetPassword" time="9.673" classname="tests.ResetPasstest"/>
</testsuite> <!-- tests.ResetPasstest -->
