<?xml version="1.0" encoding="UTF-8"?>
<!-- Generated by org.testng.reporters.JUnitReportReporter -->
<testsuite skipped="0" hostname="DESKTOP-FKI3VB5" name="tests.AdminTest" tests="1" failures="0" timestamp="2023-02-02T20:58:36 IST" time="13.427" errors="0">
  <testcase name="checkAdmin" time="13.427" classname="tests.AdminTest"/>
</testsuite> <!-- tests.AdminTest -->
